0 info it worked if it ends with ok
1 verbose cli [ '/usr/bin/node', '/usr/bin/npm', 'run', 'debug' ]
2 info using npm@3.8.6
3 info using node@v4.4.2
4 verbose run-script [ 'predebug', 'debug', 'postdebug' ]
5 info lifecycle hackathon-2016@0.0.7~predebug: hackathon-2016@0.0.7
6 silly lifecycle hackathon-2016@0.0.7~predebug: no script for predebug, continuing
7 info lifecycle hackathon-2016@0.0.7~debug: hackathon-2016@0.0.7
8 verbose lifecycle hackathon-2016@0.0.7~debug: unsafe-perm in lifecycle true
9 verbose lifecycle hackathon-2016@0.0.7~debug: PATH: /usr/lib/node_modules/npm/bin/node-gyp-bin:/home/tolokoban/Code/github/hackathon-2016/node_modules/.bin:/usr/bin:/usr/local/sbin:/usr/local/bin:/usr/sbin:/usr/bin:/sbin:/bin:/usr/games:/usr/local/games
10 verbose lifecycle hackathon-2016@0.0.7~debug: CWD: /home/tolokoban/Code/github/hackathon-2016
11 silly lifecycle hackathon-2016@0.0.7~debug: Args: [ '-c',
11 silly lifecycle   'node node_modules/toloframework/bin/tfw.js build dev test php watch clean' ]
12 silly lifecycle hackathon-2016@0.0.7~debug: Returned: code: 1  signal: null
13 info lifecycle hackathon-2016@0.0.7~debug: Failed to exec debug script
14 verbose stack Error: hackathon-2016@0.0.7 debug: `node node_modules/toloframework/bin/tfw.js build dev test php watch clean`
14 verbose stack Exit status 1
14 verbose stack     at EventEmitter.<anonymous> (/usr/lib/node_modules/npm/lib/utils/lifecycle.js:239:16)
14 verbose stack     at emitTwo (events.js:87:13)
14 verbose stack     at EventEmitter.emit (events.js:172:7)
14 verbose stack     at ChildProcess.<anonymous> (/usr/lib/node_modules/npm/lib/utils/spawn.js:24:14)
14 verbose stack     at emitTwo (events.js:87:13)
14 verbose stack     at ChildProcess.emit (events.js:172:7)
14 verbose stack     at maybeClose (internal/child_process.js:827:16)
14 verbose stack     at Process.ChildProcess._handle.onexit (internal/child_process.js:211:5)
15 verbose pkgid hackathon-2016@0.0.7
16 verbose cwd /home/tolokoban/Code/github/hackathon-2016
17 error Linux 3.16.0-38-generic
18 error argv "/usr/bin/node" "/usr/bin/npm" "run" "debug"
19 error node v4.4.2
20 error npm  v3.8.6
21 error code ELIFECYCLE
22 error hackathon-2016@0.0.7 debug: `node node_modules/toloframework/bin/tfw.js build dev test php watch clean`
22 error Exit status 1
23 error Failed at the hackathon-2016@0.0.7 debug script 'node node_modules/toloframework/bin/tfw.js build dev test php watch clean'.
23 error Make sure you have the latest version of node.js and npm installed.
23 error If you do, this is most likely a problem with the hackathon-2016 package,
23 error not with npm itself.
23 error Tell the author that this fails on your system:
23 error     node node_modules/toloframework/bin/tfw.js build dev test php watch clean
23 error You can get information on how to open an issue for this project with:
23 error     npm bugs hackathon-2016
23 error Or if that isn't available, you can get their info via:
23 error     npm owner ls hackathon-2016
23 error There is likely additional logging output above.
24 verbose exit [ 1, true ]
